# JRE version: Java(TM) SE Runtime Environment (8.0_144-b01) (build 1.8.0_144-b01)
# Java VM: Java HotSpot(TM) 64-Bit Server VM (25.144-b01 mixed mode bsd-amd64 compressed oops)
Heap:
 PSYoungGen      total 67072K, used 9237K [0x000000076ab00000, 0x0000000781600000, 0x00000007c0000000)
  eden space 64512K, 14% used [0x000000076ab00000,0x000000076b4057a0,0x000000076ea00000)
  from space 2560K, 0% used [0x0000000781380000,0x0000000781380000,0x0000000781600000)
  to   space 5120K, 0% used [0x0000000780c00000,0x0000000780c00000,0x0000000781100000)
 ParOldGen       total 326656K, used 116036K [0x00000006c0000000, 0x00000006d3f00000, 0x000000076ab00000)
  object space 326656K, 35% used [0x00000006c0000000,0x00000006c7151370,0x00000006d3f00000)
 Metaspace       used 63745K, capacity 85612K, committed 95228K, reserved 1116160K
  class space    used 16667K, capacity 25025K, committed 28336K, reserved 1048576K
GC Heap History (10 events):
Event: 327483.129 GC heap before
{Heap before GC invocations=750 (full 3):
 PSYoungGen      total 54272K, used 54267K [0x000000076ab00000, 0x0000000781980000, 0x00000007c0000000)
  eden space 52224K, 100% used [0x000000076ab00000,0x000000076de00000,0x000000076de00000)
  from space 2048K, 99% used [0x0000000781780000,0x000000078197ed28,0x0000000781980000)
  to   space 3584K, 0% used [0x0000000781280000,0x0000000781280000,0x0000000781600000)
 ParOldGen       total 350720K, used 234588K [0x00000006c0000000, 0x00000006d5680000, 0x000000076ab00000)
  object space 350720K, 66% used [0x00000006c0000000,0x00000006ce517070,0x00000006d5680000)
 Metaspace       used 65962K, capacity 88744K, committed 88880K, reserved 1112064K
  class space    used 17378K, capacity 25559K, committed 25648K, reserved 1048576K
Event: 327483.136 GC heap after
Heap after GC invocations=750 (full 3):
 PSYoungGen      total 57856K, used 2613K [0x000000076ab00000, 0x0000000781800000, 0x00000007c0000000)
  eden space 54784K, 0% used [0x000000076ab00000,0x000000076ab00000,0x000000076e080000)
  from space 3072K, 85% used [0x0000000781280000,0x000000078150d470,0x0000000781580000)
  to   space 2560K, 0% used [0x0000000781580000,0x0000000781580000,0x0000000781800000)
 ParOldGen       total 350720K, used 234596K [0x00000006c0000000, 0x00000006d5680000, 0x000000076ab00000)
  object space 350720K, 66% used [0x00000006c0000000,0x00000006ce519070,0x00000006d5680000)
 Metaspace       used 65962K, capacity 88744K, committed 88880K, reserved 1112064K
  class space    used 17378K, capacity 25559K, committed 25648K, reserved 1048576K
}
Event: 327483.412 GC heap before
{Heap before GC invocations=751 (full 3):
 PSYoungGen      total 57856K, used 57397K [0x000000076ab00000, 0x0000000781800000, 0x00000007c0000000)
  eden space 54784K, 100% used [0x000000076ab00000,0x000000076e080000,0x000000076e080000)
  from space 3072K, 85% used [0x0000000781280000,0x000000078150d470,0x0000000781580000)
  to   space 2560K, 0% used [0x0000000781580000,0x0000000781580000,0x0000000781800000)
 ParOldGen       total 350720K, used 234596K [0x00000006c0000000, 0x00000006d5680000, 0x000000076ab00000)
  object space 350720K, 66% used [0x00000006c0000000,0x00000006ce519070,0x00000006d5680000)
 Metaspace       used 67223K, capacity 91256K, committed 91440K, reserved 1114112K
  class space    used 17910K, capacity 26667K, committed 26672K, reserved 1048576K
Event: 327483.418 GC heap after
Heap after GC invocations=751 (full 3):
 PSYoungGen      total 60416K, used 2555K [0x000000076ab00000, 0x0000000781800000, 0x00000007c0000000)
  eden space 57856K, 0% used [0x000000076ab00000,0x000000076ab00000,0x000000076e380000)
  from space 2560K, 99% used [0x0000000781580000,0x00000007817fed28,0x0000000781800000)
  to   space 4096K, 0% used [0x0000000781000000,0x0000000781000000,0x0000000781400000)
 ParOldGen       total 350720K, used 234866K [0x00000006c0000000, 0x00000006d5680000, 0x000000076ab00000)
  object space 350720K, 66% used [0x00000006c0000000,0x00000006ce55ca58,0x00000006d5680000)
 Metaspace       used 67223K, capacity 91256K, committed 91440K, reserved 1114112K
  class space    used 17910K, capacity 26667K, committed 26672K, reserved 1048576K
}
Event: 327483.753 GC heap before
{Heap before GC invocations=752 (full 3):
 PSYoungGen      total 60416K, used 60411K [0x000000076ab00000, 0x0000000781800000, 0x00000007c0000000)
  eden space 57856K, 100% used [0x000000076ab00000,0x000000076e380000,0x000000076e380000)
  from space 2560K, 99% used [0x0000000781580000,0x00000007817fed28,0x0000000781800000)
  to   space 4096K, 0% used [0x0000000781000000,0x0000000781000000,0x0000000781400000)
 ParOldGen       total 350720K, used 234866K [0x00000006c0000000, 0x00000006d5680000, 0x000000076ab00000)
  object space 350720K, 66% used [0x00000006c0000000,0x00000006ce55ca58,0x00000006d5680000)
 Metaspace       used 68975K, capacity 94222K, committed 94512K, reserved 1116160K
  class space    used 18644K, capacity 27829K, committed 27952K, reserved 1048576K
Event: 327483.761 GC heap after
Heap after GC invocations=752 (full 3):
 PSYoungGen      total 64512K, used 3323K [0x000000076ab00000, 0x0000000781600000, 0x00000007c0000000)
  eden space 60928K, 0% used [0x000000076ab00000,0x000000076ab00000,0x000000076e680000)
  from space 3584K, 92% used [0x0000000781000000,0x000000078133ed28,0x0000000781380000)
  to   space 2560K, 0% used [0x0000000781380000,0x0000000781380000,0x0000000781600000)
 ParOldGen       total 350720K, used 234898K [0x00000006c0000000, 0x00000006d5680000, 0x000000076ab00000)
  object space 350720K, 66% used [0x00000006c0000000,0x00000006ce564a58,0x00000006d5680000)
 Metaspace       used 68975K, capacity 94222K, committed 94512K, reserved 1116160K
  class space    used 18644K, capacity 27829K, committed 27952K, reserved 1048576K
}
Event: 327483.845 GC heap before
{Heap before GC invocations=753 (full 3):
 PSYoungGen      total 64512K, used 24976K [0x000000076ab00000, 0x0000000781600000, 0x00000007c0000000)
  eden space 60928K, 35% used [0x000000076ab00000,0x000000076c025338,0x000000076e680000)
  from space 3584K, 92% used [0x0000000781000000,0x000000078133ed28,0x0000000781380000)
  to   space 2560K, 0% used [0x0000000781380000,0x0000000781380000,0x0000000781600000)
 ParOldGen       total 350720K, used 234898K [0x00000006c0000000, 0x00000006d5680000, 0x000000076ab00000)
  object space 350720K, 66% used [0x00000006c0000000,0x00000006ce564a58,0x00000006d5680000)
 Metaspace       used 69532K, capacity 95202K, committed 95228K, reserved 1116160K
  class space    used 18875K, capacity 28313K, committed 28336K, reserved 1048576K
Event: 327483.850 GC heap after
Heap after GC invocations=753 (full 3):
 PSYoungGen      total 67072K, used 2528K [0x000000076ab00000, 0x0000000781600000, 0x00000007c0000000)
  eden space 64512K, 0% used [0x000000076ab00000,0x000000076ab00000,0x000000076ea00000)
  from space 2560K, 98% used [0x0000000781380000,0x00000007815f8010,0x0000000781600000)
  to   space 5120K, 0% used [0x0000000780c00000,0x0000000780c00000,0x0000000781100000)
 ParOldGen       total 350720K, used 235589K [0x00000006c0000000, 0x00000006d5680000, 0x000000076ab00000)
  object space 350720K, 67% used [0x00000006c0000000,0x00000006ce611770,0x00000006d5680000)
 Metaspace       used 69532K, capacity 95202K, committed 95228K, reserved 1116160K
  class space    used 18875K, capacity 28313K, committed 28336K, reserved 1048576K
}
Event: 327483.850 GC heap before
{Heap before GC invocations=754 (full 4):
 PSYoungGen      total 67072K, used 2528K [0x000000076ab00000, 0x0000000781600000, 0x00000007c0000000)
  eden space 64512K, 0% used [0x000000076ab00000,0x000000076ab00000,0x000000076ea00000)
  from space 2560K, 98% used [0x0000000781380000,0x00000007815f8010,0x0000000781600000)
  to   space 5120K, 0% used [0x0000000780c00000,0x0000000780c00000,0x0000000781100000)
 ParOldGen       total 350720K, used 235589K [0x00000006c0000000, 0x00000006d5680000, 0x000000076ab00000)
  object space 350720K, 67% used [0x00000006c0000000,0x00000006ce611770,0x00000006d5680000)
 Metaspace       used 69532K, capacity 95202K, committed 95228K, reserved 1116160K
  class space    used 18875K, capacity 28313K, committed 28336K, reserved 1048576K
Event: 327484.644 GC heap after
Heap after GC invocations=754 (full 4):
 PSYoungGen      total 67072K, used 0K [0x000000076ab00000, 0x0000000781600000, 0x00000007c0000000)
  eden space 64512K, 0% used [0x000000076ab00000,0x000000076ab00000,0x000000076ea00000)
  from space 2560K, 0% used [0x0000000781380000,0x0000000781380000,0x0000000781600000)
  to   space 5120K, 0% used [0x0000000780c00000,0x0000000780c00000,0x0000000781100000)
 ParOldGen       total 326656K, used 116036K [0x00000006c0000000, 0x00000006d3f00000, 0x000000076ab00000)
  object space 326656K, 35% used [0x00000006c0000000,0x00000006c7151370,0x00000006d3f00000)
 Metaspace       used 63657K, capacity 85482K, committed 95228K, reserved 1116160K
  class space    used 16632K, capacity 24959K, committed 28336K, reserved 1048576K
}

